Using pre-set license
Built from '2020.3/release' branch; Version is '2020.3.2f1 (8fd9074bf66c) revision 9427207'; Using compiler version '192528614'; Build Type 'Release'
OS: 'Windows 10 Home; OS build 19041.867; Version 2004; 64bit' Language: 'de' Physical Memory: 15791 MB
BatchMode: 1, IsHumanControllingUs: 0, StartBugReporterOnCrash: 0, Is64bit: 1, IsPro: 0

 COMMAND LINE ARGUMENTS:
C:\Program Files\Unity\Hub\Editor\2020.3.2f1\Editor\Unity.exe
-adb2
-batchMode
-noUpm
-name
AssetImportWorker0
-projectPath
C:/Users/chris/Desktop/Schlaukopf v1.7
-logFile
Logs/AssetImportWorker0.log
-srvPort
59083
Successfully changed project path to: C:/Users/chris/Desktop/Schlaukopf v1.7
C:/Users/chris/Desktop/Schlaukopf v1.7
Using Asset Import Pipeline V2.
Refreshing native plugins compatible for Editor in 23.77 ms, found 0 plugins.
Preloading 0 native plugins for Editor in 0.00 ms.
Initialize engine version: 2020.3.2f1 (8fd9074bf66c)
[Subsystems] Discovering subsystems at path C:/Program Files/Unity/Hub/Editor/2020.3.2f1/Editor/Data/Resources/UnitySubsystems
[Subsystems] Discovering subsystems at path C:/Users/chris/Desktop/Schlaukopf v1.7/Assets
GfxDevice: creating device client; threaded=0
Direct3D:
    Version:  Direct3D 11.0 [level 11.1]
    Renderer: NVIDIA GeForce RTX 3070 Laptop GPU (ID=0x249d)
    Vendor:   
    VRAM:     8044 MB
    Driver:   27.21.14.6140
Initialize mono
Mono path[0] = 'C:/Program Files/Unity/Hub/Editor/2020.3.2f1/Editor/Data/Managed'
Mono path[1] = 'C:/Program Files/Unity/Hub/Editor/2020.3.2f1/Editor/Data/MonoBleedingEdge/lib/mono/unityjit'
Mono config path = 'C:/Program Files/Unity/Hub/Editor/2020.3.2f1/Editor/Data/MonoBleedingEdge/etc'
Using monoOptions --debugger-agent=transport=dt_socket,embedding=1,server=y,suspend=n,address=127.0.0.1:56312
Begin MonoManager ReloadAssembly
Registering precompiled unity dll's ...
Register platform support module: C:/Program Files/Unity/Hub/Editor/2020.3.2f1/Editor/Data/PlaybackEngines/WindowsStandaloneSupport/UnityEditor.WindowsStandalone.Extensions.dll
Registered in 0.003205 seconds.
Native extension for WindowsStandalone target not found
Refreshing native plugins compatible for Editor in 23.93 ms, found 0 plugins.
Preloading 0 native plugins for Editor in 0.00 ms.
Invoked RoslynAnalysisRunner static constructor.
RoslynAnalysisRunner will not be running.
RoslynAnalysisRunner has terminated.
Mono: successfully reloaded assembly
- Completed reload, in  1.037 seconds
Platform modules already initialized, skipping
Registering precompiled user dll's ...
Registered in 0.000991 seconds.
Begin MonoManager ReloadAssembly
Native extension for WindowsStandalone target not found
Refreshing native plugins compatible for Editor in 0.25 ms, found 0 plugins.
Preloading 0 native plugins for Editor in 0.00 ms.
Invoked RoslynAnalysisRunner static constructor.
RoslynAnalysisRunner will not be running.
RoslynAnalysisRunner has terminated.
Mono: successfully reloaded assembly
- Completed reload, in  0.782 seconds
Platform modules already initialized, skipping
========================================================================
Worker process is ready to serve import requests
Launched and connected shader compiler UnityShaderCompiler.exe after 0.05 seconds
Refreshing native plugins compatible for Editor in 0.24 ms, found 0 plugins.
Preloading 0 native plugins for Editor in 0.00 ms.
Unloading 1124 Unused Serialized files (Serialized files now loaded: 0)
System memory in use before: 57.4 MB.
System memory in use after: 57.4 MB.

Unloading 10 unused Assets to reduce memory usage. Loaded Objects now: 1566.
Total: 2.024100 ms (FindLiveObjects: 0.162400 ms CreateObjectMapping: 0.042900 ms MarkObjects: 1.738900 ms  DeleteObjects: 0.078700 ms)

========================================================================
Received Import Request.
  path: Assets/Prefabs/figure-dummkopf(Clone).prefab
  artifactKey: Guid(fa3fae2cc8cc97b468ed1f2cc7bc8cbf) Importer(815301076,1909f56bfc062723c751e8b465ee728b)
Start importing Assets/Prefabs/figure-dummkopf(Clone).prefab using Guid(fa3fae2cc8cc97b468ed1f2cc7bc8cbf) Importer(815301076,1909f56bfc062723c751e8b465ee728b)  -> (artifact id: '0c0c73be3c6f68d79c7e6386d02b0c17') in 0.137816 seconds
  Import took 0.141301 seconds .

========================================================================
Received Import Request.
  Time since last request: 0.000195 seconds.
  path: Assets/Prefabs/Dummkopf_Left_fig.prefab
  artifactKey: Guid(1eafda1d9575723418b5077def0ca332) Importer(815301076,1909f56bfc062723c751e8b465ee728b)
Start importing Assets/Prefabs/Dummkopf_Left_fig.prefab using Guid(1eafda1d9575723418b5077def0ca332) Importer(815301076,1909f56bfc062723c751e8b465ee728b)  -> (artifact id: 'a72f45defa092043a0c7b040738abfe2') in 0.009221 seconds
  Import took 0.011705 seconds .

========================================================================
Received Import Request.
  Time since last request: 35.392653 seconds.
  path: Assets/Prefabs/Dummkopf_Left_fig.prefab
  artifactKey: Guid(fa3fae2cc8cc97b468ed1f2cc7bc8cbf) Importer(815301076,1909f56bfc062723c751e8b465ee728b)
Start importing Assets/Prefabs/Dummkopf_Left_fig.prefab using Guid(fa3fae2cc8cc97b468ed1f2cc7bc8cbf) Importer(815301076,1909f56bfc062723c751e8b465ee728b)  -> (artifact id: '20f7064d824e0a7bb1994b7fbc0dcf49') in 0.027734 seconds
  Import took 0.030861 seconds .

========================================================================
Received Import Request.
  Time since last request: 0.021382 seconds.
  path: Assets/Prefabs/Dummkopf_Left_fig.prefab
  artifactKey: Guid(fa3fae2cc8cc97b468ed1f2cc7bc8cbf) Importer(815301076,1909f56bfc062723c751e8b465ee728b)
Start importing Assets/Prefabs/Dummkopf_Left_fig.prefab using Guid(fa3fae2cc8cc97b468ed1f2cc7bc8cbf) Importer(815301076,1909f56bfc062723c751e8b465ee728b)  -> (artifact id: '20f7064d824e0a7bb1994b7fbc0dcf49') in 0.019125 seconds
  Import took 0.022037 seconds .

========================================================================
Received Import Request.
  Time since last request: 13.135064 seconds.
  path: Assets/Prefabs/Dummkopf_Left_fig.prefab
  artifactKey: Guid(fa3fae2cc8cc97b468ed1f2cc7bc8cbf) Importer(815301076,1909f56bfc062723c751e8b465ee728b)
Start importing Assets/Prefabs/Dummkopf_Left_fig.prefab using Guid(fa3fae2cc8cc97b468ed1f2cc7bc8cbf) Importer(815301076,1909f56bfc062723c751e8b465ee728b)  -> (artifact id: '0520d383eec318d3a3d65e91e1b8e70a') in 0.023826 seconds
  Import took 0.026769 seconds .

========================================================================
Received Import Request.
  Time since last request: 2.269413 seconds.
  path: Assets/Prefabs/Dummkopf_Left_fig.prefab
  artifactKey: Guid(fa3fae2cc8cc97b468ed1f2cc7bc8cbf) Importer(815301076,1909f56bfc062723c751e8b465ee728b)
Start importing Assets/Prefabs/Dummkopf_Left_fig.prefab using Guid(fa3fae2cc8cc97b468ed1f2cc7bc8cbf) Importer(815301076,1909f56bfc062723c751e8b465ee728b)  -> (artifact id: '955a9280a37870ab73b2d5a02dea8d95') in 0.019284 seconds
  Import took 0.022110 seconds .

========================================================================
Received Import Request.
  Time since last request: 58.124937 seconds.
  path: Assets/Prefabs/Dummkopf_Left_fig.prefab
  artifactKey: Guid(fa3fae2cc8cc97b468ed1f2cc7bc8cbf) Importer(815301076,1909f56bfc062723c751e8b465ee728b)
Start importing Assets/Prefabs/Dummkopf_Left_fig.prefab using Guid(fa3fae2cc8cc97b468ed1f2cc7bc8cbf) Importer(815301076,1909f56bfc062723c751e8b465ee728b)  -> (artifact id: '1f5edda15943be9d4d61206f3073029b') in 0.019452 seconds
  Import took 0.024000 seconds .

========================================================================
Received Prepare
Registering precompiled user dll's ...
Registered in 0.000649 seconds.
Begin MonoManager ReloadAssembly
Native extension for WindowsStandalone target not found
Refreshing native plugins compatible for Editor in 0.25 ms, found 0 plugins.
Preloading 0 native plugins for Editor in 0.00 ms.
Invoked RoslynAnalysisRunner static constructor.
RoslynAnalysisRunner will not be running.
RoslynAnalysisRunner has terminated.
Mono: successfully reloaded assembly
- Completed reload, in  0.710 seconds
Platform modules already initialized, skipping
Refreshing native plugins compatible for Editor in 0.28 ms, found 0 plugins.
Preloading 0 native plugins for Editor in 0.00 ms.
Unloading 1119 Unused Serialized files (Serialized files now loaded: 0)
System memory in use before: 60.5 MB.
System memory in use after: 60.5 MB.

Unloading 5 unused Assets to reduce memory usage. Loaded Objects now: 1576.
Total: 2.141500 ms (FindLiveObjects: 0.165000 ms CreateObjectMapping: 0.048600 ms MarkObjects: 1.861600 ms  DeleteObjects: 0.064800 ms)

========================================================================
Received Import Request.
  Time since last request: 39.221793 seconds.
  path: Assets/Prefabs/Dummkopf_Left_fig.prefab
  artifactKey: Guid(fa3fae2cc8cc97b468ed1f2cc7bc8cbf) Importer(815301076,1909f56bfc062723c751e8b465ee728b)
Start importing Assets/Prefabs/Dummkopf_Left_fig.prefab using Guid(fa3fae2cc8cc97b468ed1f2cc7bc8cbf) Importer(815301076,1909f56bfc062723c751e8b465ee728b)  -> (artifact id: 'e03e82568d06073bb6cf3cd13c05ffc4') in 0.053041 seconds
  Import took 0.055544 seconds .

========================================================================
Received Prepare
Registering precompiled user dll's ...
Registered in 0.000513 seconds.
Begin MonoManager ReloadAssembly
Native extension for WindowsStandalone target not found
Refreshing native plugins compatible for Editor in 0.22 ms, found 0 plugins.
Preloading 0 native plugins for Editor in 0.00 ms.
Invoked RoslynAnalysisRunner static constructor.
RoslynAnalysisRunner will not be running.
RoslynAnalysisRunner has terminated.
Mono: successfully reloaded assembly
- Completed reload, in  0.560 seconds
Platform modules already initialized, skipping
Refreshing native plugins compatible for Editor in 0.25 ms, found 0 plugins.
Preloading 0 native plugins for Editor in 0.00 ms.
Unloading 1119 Unused Serialized files (Serialized files now loaded: 0)
System memory in use before: 60.5 MB.
System memory in use after: 60.6 MB.

Unloading 5 unused Assets to reduce memory usage. Loaded Objects now: 1580.
Total: 2.628300 ms (FindLiveObjects: 0.321700 ms CreateObjectMapping: 0.092900 ms MarkObjects: 2.160600 ms  DeleteObjects: 0.051100 ms)

AssetImportWorkerClient::OnTransportError - code=2 error=End of file
